********************************************************************************
DUPLICATOR-LITE PACKAGE-LOG: February 20, 2022 12:55 pm
NOTICE: Do NOT post to public sites or forums 
********************************************************************************
VERSION:	1.4.4
WORDPRESS:	5.9
PHP INFO:	7.4.26 | SAPI: apache2handler
SERVER:		Apache/2.4.51 (Win64) PHP/7.4.26 
PHP TIME LIMIT: (0) no time limit imposed 
PHP MAX MEMORY: 4294967296 (128M default) 
MEMORY STACK: 2MB

********************************************************************************
DATABASE:
********************************************************************************
BUILD MODE:   PHP(query limit - 100)
MYSQLTIMEOUT: 5000
MYSQLDUMP:    Not Supported
TABLES: total:22 | filtered:0 | create:22
FILTERED: []
SQL CREATED: 20220220_devdrawersamplelawfirm_8aa3ac5be8a564459778_20220220125526_database.sql
SQL FILE SIZE: 4.33MB (4535504)
SQL FILE TIME: 2022-02-20 12:55:46
SQL RUNTIME: 3.10 sec.

********************************************************************************
ARCHIVE (ZIP):
********************************************************************************
ARCHIVE DIR:  D:/An Dinh/_TRAINING/wordpress
ARCHIVE FILE: 20220220_devdrawersamplelawfirm_8aa3ac5be8a564459778_20220220125526_archive.zip
FILTERS: *OFF*
DIRS:
	not set
FILES:
	not set
EXTS:  not set
----------------------------------------
COMPRESSING
SIZE:	115.49MB
STATS:	Dirs 855 | Files 5,371
SQL ADDED: 20220220_devdrawersamplelawfirm_8aa3ac5be8a564459778_20220220125526_database.sql
ZipArchive Object
(
    [status] => 0
    [statusSys] => 0
    [numFiles] => 6226
    [filename] => D:\An Dinh\_TRAINING\wordpress\wp-content\backups-dup-lite\tmp\20220220_devdrawersamplelawfirm_8aa3ac5be8a564459778_20220220125526_archive.zip
    [comment] => 
)

FILE ADDED TO ZIP: 6225
COMPRESSION RESULT: '1'
COMPRESSED SIZE: 38.96MB
ARCHIVE RUNTIME: 65.11 sec.
MEMORY STACK: 4MB
building installer
add_extra_files1
add_extra_files2
add_extra_files3
add_extra_files4
Doing archive file check
add_extra_files5
add_extra_files6
add_extra_files8
Successfully opened zip D:/An Dinh/_TRAINING/wordpress/wp-content/backups-dup-lite/tmp/20220220_devdrawersamplelawfirm_8aa3ac5be8a564459778_20220220125526_archive.zip
Adding enhanced installer files to archive using ZipArchive
Installer files added to archive
Added to archive
After ziparchive close when adding installer

********************************************************************************
INTEGRITY CHECKS:
********************************************************************************
SQL FILE: 4.33MB
INSTALLER FILE: 64.61KB
ARCHIVE FILE: 39.99MB 
EXPECTED FILE/DIRECTORY COUNT: 6,226
ACTUAL FILE/DIRECTORY COUNT: 6,225
ARCHIVE CONSISTENCY TEST: Pass

********************************************************************************
RECORD ID:[1]
TOTAL PROCESS RUNTIME: 69.36 sec.
PEAK PHP MEMORY USED: 10MB
DONE PROCESSING => 20220220_devdrawersamplelawfirm February 20, 2022 12:56 pm

